<?xml version="1.0" encoding="UTF-8"?>
<!-- Generated by org.testng.reporters.JUnitXMLReporter -->
<testsuite hostname="WINDOWS-OTH3PAT" name="Test" tests="1" failures="0" timestamp="31 May 2018 06:15:01 GMT" time="0.032" errors="0">
  <testcase name="@BeforeTest inicioClase" time="0.0" classname="tests.RegistrarUsuarioDriverTest">
    <failure type="org.testng.TestNGException" message="
Parameter &amp;apos;navegador&amp;apos; is required by @Configuration on method inicioClase but has not been marked @Optional or defined
in C:\Users\anthony\Documents\Entregable final\OneDrive_1_5-30-2018\DetoditoService-master\testng.xml">
      <![CDATA[org.testng.TestNGException: 
Parameter 'navegador' is required by @Configuration on method inicioClase but has not been marked @Optional or defined
in C:\Users\anthony\Documents\Entregable final\OneDrive_1_5-30-2018\DetoditoService-master\testng.xml
... Removed 19 stack frames]]>
    </failure>
  </testcase> <!-- @BeforeTest inicioClase -->
  <testcase name="@AfterTest tearDown" time="0.0" classname="tests.RegistrarUsuarioDriverTest">
    <skipped/>
  </testcase> <!-- @AfterTest tearDown -->
  <testcase name="registrarUsuario" time="0.0" classname="tests.RegistrarUsuarioDriverTest">
    <skipped/>
  </testcase> <!-- registrarUsuario -->
</testsuite> <!-- Test -->
